<?xml version="1.0" encoding="UTF-8"?>
<!-- Generated by org.testng.reporters.JUnitReportReporter -->
<testsuite hostname="AnnieSneha" failures="0" tests="3" name="testNg.Depend" time="23.038" errors="0" timestamp="2024-08-01T17:22:01 IST" skipped="0">
  <testcase classname="testNg.Depend" name="SearchChoco" time="3.053"/>
  <testcase classname="testNg.Depend" name="SearchTest" time="15.880"/>
  <testcase classname="testNg.Depend" name="SearchGaming" time="4.105"/>
</testsuite> <!-- testNg.Depend -->
