<?xml version="1.0" encoding="UTF-8"?>
<!-- Generated by org.testng.reporters.JUnitReportReporter -->
<testsuite hostname="AnnieSneha" failures="0" tests="1" name="testNg.AssertInclass" time="7.656" errors="0" timestamp="2024-08-02T18:06:29 IST" skipped="0">
  <testcase classname="testNg.AssertInclass" name="contactus" time="7.656"/>
</testsuite> <!-- testNg.AssertInclass -->
