<?xml version="1.0" encoding="UTF-8"?>
<!-- Generated by org.testng.reporters.JUnitReportReporter -->
<testsuite hostname="AnnieSneha" failures="0" tests="3" name="testNg.ExtentReports1" time="24.447" errors="0" timestamp="2024-08-27T13:28:08 IST" skipped="0">
  <testcase classname="testNg.ExtentReports1" name="Searchiphone" time="7.684"/>
  <testcase classname="testNg.ExtentReports1" name="SearchTest" time="6.227"/>
  <testcase classname="testNg.ExtentReports1" name="SearchTest2" time="10.536"/>
</testsuite> <!-- testNg.ExtentReports1 -->
