<?xml version="1.0" encoding="UTF-8"?>
<!-- Generated by org.testng.reporters.JUnitReportReporter -->
<testsuite hostname="AnnieSneha" failures="0" tests="5" name="testNg.TestNG" time="47.865" errors="0" timestamp="2024-08-01T12:42:41 IST" skipped="0">
  <testcase classname="testNg.TestNG" name="SearchChoco" time="7.334"/>
  <testcase classname="testNg.TestNG" name="Searchiphone" time="8.965"/>
  <testcase classname="testNg.TestNG" name="SearchMouse" time="7.108"/>
  <testcase classname="testNg.TestNG" name="SearchGaming" time="8.394"/>
  <testcase classname="testNg.TestNG" name="SearchTest" time="16.064"/>
</testsuite> <!-- testNg.TestNG -->
