<?xml version="1.0" encoding="UTF-8"?>
<!-- Generated by org.testng.reporters.JUnitReportReporter -->
<testsuite hostname="AnnieSneha" failures="0" tests="6" name="testNg.DataProviders" time="39.453" errors="0" timestamp="2024-08-02T12:25:49 IST" skipped="0">
  <testcase classname="testNg.DataProviders" name="Heruko" time="6.019"/>
  <testcase classname="testNg.DataProviders" name="Heruko" time="3.612"/>
  <testcase classname="testNg.DataProviders" name="Heruko" time="7.663"/>
  <testcase classname="testNg.DataProviders" name="Heruko" time="6.240"/>
  <testcase classname="testNg.DataProviders" name="Heruko" time="6.708"/>
  <testcase classname="testNg.DataProviders" name="Heruko" time="9.211"/>
</testsuite> <!-- testNg.DataProviders -->
