<?xml version="1.0" encoding="UTF-8"?>
<!-- Generated by org.testng.reporters.JUnitReportReporter -->
<testsuite hostname="AnnieSneha" failures="0" tests="4" name="testNg.Priority" time="15.447" errors="0" timestamp="2024-08-01T16:58:58 IST" skipped="0">
  <testcase classname="testNg.Priority" name="SearchMouse" time="3.118"/>
  <testcase classname="testNg.Priority" name="SearchGaming" time="3.298"/>
  <testcase classname="testNg.Priority" name="SearchChoco" time="3.914"/>
  <testcase classname="testNg.Priority" name="Searchiphone" time="5.117"/>
</testsuite> <!-- testNg.Priority -->
