<?xml version="1.0" encoding="UTF-8"?>
<!-- Generated by org.testng.reporters.JUnitReportReporter -->
<testsuite hostname="AnnieSneha" failures="0" tests="4" name="testNg.Groups" time="15.895" errors="0" timestamp="2024-08-04T20:19:31 IST" skipped="0">
  <testcase classname="testNg.Groups" name="SearchChoco" time="1.883"/>
  <testcase classname="testNg.Groups" name="SearchMilk" time="2.638"/>
  <testcase classname="testNg.Groups" name="Bag" time="3.995"/>
  <testcase classname="testNg.Groups" name="SearchGaming" time="7.379"/>
</testsuite> <!-- testNg.Groups -->
