<?xml version="1.0" encoding="UTF-8"?>
<!-- Generated by org.testng.reporters.JUnitReportReporter -->
<testsuite hostname="AnnieSneha" failures="0" tests="4" name="testNg.TestingClass" time="10.296" errors="0" timestamp="2024-08-05T13:43:04 IST" skipped="0">
  <testcase classname="testNg.TestingClass" name="SearchChoco" time="1.964"/>
  <testcase classname="testNg.TestingClass" name="Searchiphone" time="3.085"/>
  <testcase classname="testNg.TestingClass" name="SearchGaming" time="2.588"/>
  <testcase classname="testNg.TestingClass" name="SearchMouse" time="2.659"/>
</testsuite> <!-- testNg.TestingClass -->
