<?xml version="1.0" encoding="UTF-8"?>
<!-- Generated by org.testng.reporters.JUnitReportReporter -->
<testsuite hostname="AnnieSneha" failures="0" tests="2" name="demo.Demo2" time="0.760" errors="0" timestamp="2024-08-04T20:17:36 IST" skipped="0">
  <testcase classname="demo.Demo2" name="radio" time="0.346"/>
  <testcase classname="demo.Demo2" name="check" time="0.414"/>
</testsuite> <!-- demo.Demo2 -->
